# JRE version: OpenJDK Runtime Environment Temurin-21.0.11+10 (21.0.11+10) (build 21.0.11+10-LTS)
# Java VM: OpenJDK 64-Bit Server VM Temurin-21.0.11+10 (21.0.11+10-LTS, mixed mode, sharing, tiered, compressed oops, compressed class ptrs, parallel gc, windows-amd64)
GC Precious Log:
 CardTable entry size: 512
 CPUs: 4 total, 4 available
 Memory: 7935M
 Large Page Support: Disabled
 NUMA Support: Disabled
 Compressed Oops: Enabled (32-bit)
 Alignments: Space 512K, Generation 512K, Heap 2M
 Heap Min Capacity: 100M
 Heap Initial Capacity: 100M
 Heap Max Capacity: 2G
 Pre-touch: Disabled
 Parallel Workers: 4
Heap:
 PSYoungGen      total 5632K, used 472K [0x00000000d5580000, 0x00000000d5b80000, 0x0000000100000000)
  eden space 4096K, 9% used [0x00000000d5580000,0x00000000d55de3b8,0x00000000d5980000)
  from space 1536K, 6% used [0x00000000d5980000,0x00000000d5998000,0x00000000d5b00000)
  to   space 512K, 0% used [0x00000000d5b00000,0x00000000d5b00000,0x00000000d5b80000)
 ParOldGen       total 1368064K, used 1367661K [0x0000000080000000, 0x00000000d3800000, 0x00000000d5580000)
  object space 1368064K, 99% used [0x0000000080000000,0x00000000d379b6a0,0x00000000d3800000)
 Metaspace       used 100862K, committed 102912K, reserved 1179648K
  class space    used 10991K, committed 11904K, reserved 1048576K
GC Heap History (20 events):
Event: 419.469 GC heap before
{Heap before GC invocations=1835 (full 5):
 PSYoungGen      total 6656K, used 6234K [0x00000000d5580000, 0x00000000d5d80000, 0x0000000100000000)
  eden space 6144K, 100% used [0x00000000d5580000,0x00000000d5b80000,0x00000000d5b80000)
  from space 512K, 17% used [0x00000000d5b80000,0x00000000d5b96900,0x00000000d5c00000)
  to   space 1024K, 0% used [0x00000000d5c80000,0x00000000d5c80000,0x00000000d5d80000)
 ParOldGen       total 1356288K, used 1355800K [0x0000000080000000, 0x00000000d2c80000, 0x00000000d5580000)
  object space 1356288K, 99% used [0x0000000080000000,0x00000000d2c06300,0x00000000d2c80000)
 Metaspace       used 100858K, committed 102912K, reserved 1179648K
  class space    used 10991K, committed 11904K, reserved 1048576K
}
Event: 419.472 GC heap after
{Heap after GC invocations=1835 (full 5):
 PSYoungGen      total 7168K, used 826K [0x00000000d5580000, 0x00000000d5d80000, 0x0000000100000000)
  eden space 6144K, 0% used [0x00000000d5580000,0x00000000d5580000,0x00000000d5b80000)
  from space 1024K, 80% used [0x00000000d5c80000,0x00000000d5d4e900,0x00000000d5d80000)
  to   space 1024K, 0% used [0x00000000d5b80000,0x00000000d5b80000,0x00000000d5c80000)
 ParOldGen       total 1356288K, used 1355875K [0x0000000080000000, 0x00000000d2c80000, 0x00000000d5580000)
  object space 1356288K, 99% used [0x0000000080000000,0x00000000d2c18c00,0x00000000d2c80000)
 Metaspace       used 100858K, committed 102912K, reserved 1179648K
  class space    used 10991K, committed 11904K, reserved 1048576K
}
Event: 419.488 GC heap before
{Heap before GC invocations=1836 (full 5):
 PSYoungGen      total 7168K, used 6970K [0x00000000d5580000, 0x00000000d5d80000, 0x0000000100000000)
  eden space 6144K, 100% used [0x00000000d5580000,0x00000000d5b80000,0x00000000d5b80000)
  from space 1024K, 80% used [0x00000000d5c80000,0x00000000d5d4e900,0x00000000d5d80000)
  to   space 1024K, 0% used [0x00000000d5b80000,0x00000000d5b80000,0x00000000d5c80000)
 ParOldGen       total 1356288K, used 1355875K [0x0000000080000000, 0x00000000d2c80000, 0x00000000d5580000)
  object space 1356288K, 99% used [0x0000000080000000,0x00000000d2c18c00,0x00000000d2c80000)
 Metaspace       used 100858K, committed 102912K, reserved 1179648K
  class space    used 10991K, committed 11904K, reserved 1048576K
}
Event: 419.493 GC heap after
{Heap after GC invocations=1836 (full 5):
 PSYoungGen      total 7168K, used 708K [0x00000000d5580000, 0x00000000d5d80000, 0x0000000100000000)
  eden space 6144K, 0% used [0x00000000d5580000,0x00000000d5580000,0x00000000d5b80000)
  from space 1024K, 69% used [0x00000000d5b80000,0x00000000d5c31210,0x00000000d5c80000)
  to   space 1024K, 0% used [0x00000000d5c80000,0x00000000d5c80000,0x00000000d5d80000)
 ParOldGen       total 1356800K, used 1356613K [0x0000000080000000, 0x00000000d2d00000, 0x00000000d5580000)
  object space 1356800K, 99% used [0x0000000080000000,0x00000000d2cd1550,0x00000000d2d00000)
 Metaspace       used 100858K, committed 102912K, reserved 1179648K
  class space    used 10991K, committed 11904K, reserved 1048576K
}
Event: 422.667 GC heap before
{Heap before GC invocations=1837 (full 5):
 PSYoungGen      total 7168K, used 6852K [0x00000000d5580000, 0x00000000d5d80000, 0x0000000100000000)
  eden space 6144K, 100% used [0x00000000d5580000,0x00000000d5b80000,0x00000000d5b80000)
  from space 1024K, 69% used [0x00000000d5b80000,0x00000000d5c31210,0x00000000d5c80000)
  to   space 1024K, 0% used [0x00000000d5c80000,0x00000000d5c80000,0x00000000d5d80000)
 ParOldGen       total 1356800K, used 1356613K [0x0000000080000000, 0x00000000d2d00000, 0x00000000d5580000)
  object space 1356800K, 99% used [0x0000000080000000,0x00000000d2cd1550,0x00000000d2d00000)
 Metaspace       used 100858K, committed 102912K, reserved 1179648K
  class space    used 10991K, committed 11904K, reserved 1048576K
}
Event: 422.673 GC heap after
{Heap after GC invocations=1837 (full 5):
 PSYoungGen      total 3584K, used 1009K [0x00000000d5580000, 0x00000000d6480000, 0x0000000100000000)
  eden space 2560K, 0% used [0x00000000d5580000,0x00000000d5580000,0x00000000d5800000)
  from space 1024K, 98% used [0x00000000d5c80000,0x00000000d5d7c648,0x00000000d5d80000)
  to   space 4608K, 0% used [0x00000000d5800000,0x00000000d5800000,0x00000000d5c80000)
 ParOldGen       total 1359872K, used 1359505K [0x0000000080000000, 0x00000000d3000000, 0x00000000d5580000)
  object space 1359872K, 99% used [0x0000000080000000,0x00000000d2fa44a8,0x00000000d3000000)
 Metaspace       used 100858K, committed 102912K, reserved 1179648K
  class space    used 10991K, committed 11904K, reserved 1048576K
}
Event: 422.678 GC heap before
{Heap before GC invocations=1838 (full 5):
 PSYoungGen      total 3584K, used 3569K [0x00000000d5580000, 0x00000000d6480000, 0x0000000100000000)
  eden space 2560K, 100% used [0x00000000d5580000,0x00000000d5800000,0x00000000d5800000)
  from space 1024K, 98% used [0x00000000d5c80000,0x00000000d5d7c648,0x00000000d5d80000)
  to   space 4608K, 0% used [0x00000000d5800000,0x00000000d5800000,0x00000000d5c80000)
 ParOldGen       total 1359872K, used 1359505K [0x0000000080000000, 0x00000000d3000000, 0x00000000d5580000)
  object space 1359872K, 99% used [0x0000000080000000,0x00000000d2fa44a8,0x00000000d3000000)
 Metaspace       used 100858K, committed 102912K, reserved 1179648K
  class space    used 10991K, committed 11904K, reserved 1048576K
}
Event: 422.682 GC heap after
{Heap after GC invocations=1838 (full 5):
 PSYoungGen      total 5120K, used 2560K [0x00000000d5580000, 0x00000000d5e80000, 0x0000000100000000)
  eden space 2560K, 0% used [0x00000000d5580000,0x00000000d5580000,0x00000000d5800000)
  from space 2560K, 100% used [0x00000000d5800000,0x00000000d5a80000,0x00000000d5a80000)
  to   space 3072K, 0% used [0x00000000d5b80000,0x00000000d5b80000,0x00000000d5e80000)
 ParOldGen       total 1360896K, used 1360545K [0x0000000080000000, 0x00000000d3100000, 0x00000000d5580000)
  object space 1360896K, 99% used [0x0000000080000000,0x00000000d30a8400,0x00000000d3100000)
 Metaspace       used 100858K, committed 102912K, reserved 1179648K
  class space    used 10991K, committed 11904K, reserved 1048576K
}
Event: 422.687 GC heap before
{Heap before GC invocations=1839 (full 5):
 PSYoungGen      total 5120K, used 5120K [0x00000000d5580000, 0x00000000d5e80000, 0x0000000100000000)
  eden space 2560K, 100% used [0x00000000d5580000,0x00000000d5800000,0x00000000d5800000)
  from space 2560K, 100% used [0x00000000d5800000,0x00000000d5a80000,0x00000000d5a80000)
  to   space 3072K, 0% used [0x00000000d5b80000,0x00000000d5b80000,0x00000000d5e80000)
 ParOldGen       total 1360896K, used 1360545K [0x0000000080000000, 0x00000000d3100000, 0x00000000d5580000)
  object space 1360896K, 99% used [0x0000000080000000,0x00000000d30a8400,0x00000000d3100000)
 Metaspace       used 100858K, committed 102912K, reserved 1179648K
  class space    used 10991K, committed 11904K, reserved 1048576K
}
Event: 422.694 GC heap after
{Heap after GC invocations=1839 (full 5):
 PSYoungGen      total 6144K, used 2624K [0x00000000d5580000, 0x00000000d5e80000, 0x0000000100000000)
  eden space 3072K, 0% used [0x00000000d5580000,0x00000000d5580000,0x00000000d5880000)
  from space 3072K, 85% used [0x00000000d5b80000,0x00000000d5e10000,0x00000000d5e80000)
  to   space 3072K, 0% used [0x00000000d5880000,0x00000000d5880000,0x00000000d5b80000)
 ParOldGen       total 1363456K, used 1363097K [0x0000000080000000, 0x00000000d3380000, 0x00000000d5580000)
  object space 1363456K, 99% used [0x0000000080000000,0x00000000d3326400,0x00000000d3380000)
 Metaspace       used 100858K, committed 102912K, reserved 1179648K
  class space    used 10991K, committed 11904K, reserved 1048576K
}
Event: 422.701 GC heap before
{Heap before GC invocations=1840 (full 5):
 PSYoungGen      total 6144K, used 5696K [0x00000000d5580000, 0x00000000d5e80000, 0x0000000100000000)
  eden space 3072K, 100% used [0x00000000d5580000,0x00000000d5880000,0x00000000d5880000)
  from space 3072K, 85% used [0x00000000d5b80000,0x00000000d5e10000,0x00000000d5e80000)
  to   space 3072K, 0% used [0x00000000d5880000,0x00000000d5880000,0x00000000d5b80000)
 ParOldGen       total 1363456K, used 1363097K [0x0000000080000000, 0x00000000d3380000, 0x00000000d5580000)
  object space 1363456K, 99% used [0x0000000080000000,0x00000000d3326400,0x00000000d3380000)
 Metaspace       used 100858K, committed 102912K, reserved 1179648K
  class space    used 10991K, committed 11904K, reserved 1048576K
}
Event: 422.706 GC heap after
{Heap after GC invocations=1840 (full 5):
 PSYoungGen      total 4096K, used 756K [0x00000000d5580000, 0x00000000d5c80000, 0x0000000100000000)
  eden space 3072K, 0% used [0x00000000d5580000,0x00000000d5580000,0x00000000d5880000)
  from space 1024K, 73% used [0x00000000d5880000,0x00000000d593d200,0x00000000d5980000)
  to   space 1536K, 0% used [0x00000000d5b00000,0x00000000d5b00000,0x00000000d5c80000)
 ParOldGen       total 1366016K, used 1365649K [0x0000000080000000, 0x00000000d3600000, 0x00000000d5580000)
  object space 1366016K, 99% used [0x0000000080000000,0x00000000d35a4400,0x00000000d3600000)
 Metaspace       used 100858K, committed 102912K, reserved 1179648K
  class space    used 10991K, committed 11904K, reserved 1048576K
}
Event: 422.710 GC heap before
{Heap before GC invocations=1841 (full 5):
 PSYoungGen      total 4096K, used 3828K [0x00000000d5580000, 0x00000000d5c80000, 0x0000000100000000)
  eden space 3072K, 100% used [0x00000000d5580000,0x00000000d5880000,0x00000000d5880000)
  from space 1024K, 73% used [0x00000000d5880000,0x00000000d593d200,0x00000000d5980000)
  to   space 1536K, 0% used [0x00000000d5b00000,0x00000000d5b00000,0x00000000d5c80000)
 ParOldGen       total 1366016K, used 1365649K [0x0000000080000000, 0x00000000d3600000, 0x00000000d5580000)
  object space 1366016K, 99% used [0x0000000080000000,0x00000000d35a4400,0x00000000d3600000)
 Metaspace       used 100858K, committed 102912K, reserved 1179648K
  class space    used 10991K, committed 11904K, reserved 1048576K
}
Event: 422.713 GC heap after
{Heap after GC invocations=1841 (full 5):
 PSYoungGen      total 4608K, used 384K [0x00000000d5580000, 0x00000000d5b80000, 0x0000000100000000)
  eden space 4096K, 0% used [0x00000000d5580000,0x00000000d5580000,0x00000000d5980000)
  from space 512K, 75% used [0x00000000d5b00000,0x00000000d5b60000,0x00000000d5b80000)
  to   space 1024K, 0% used [0x00000000d5980000,0x00000000d5980000,0x00000000d5a80000)
 ParOldGen       total 1366528K, used 1366369K [0x0000000080000000, 0x00000000d3680000, 0x00000000d5580000)
  object space 1366528K, 99% used [0x0000000080000000,0x00000000d3658630,0x00000000d3680000)
 Metaspace       used 100858K, committed 102912K, reserved 1179648K
  class space    used 10991K, committed 11904K, reserved 1048576K
}
Event: 422.717 GC heap before
{Heap before GC invocations=1842 (full 5):
 PSYoungGen      total 4608K, used 4480K [0x00000000d5580000, 0x00000000d5b80000, 0x0000000100000000)
  eden space 4096K, 100% used [0x00000000d5580000,0x00000000d5980000,0x00000000d5980000)
  from space 512K, 75% used [0x00000000d5b00000,0x00000000d5b60000,0x00000000d5b80000)
  to   space 1024K, 0% used [0x00000000d5980000,0x00000000d5980000,0x00000000d5a80000)
 ParOldGen       total 1366528K, used 1366369K [0x0000000080000000, 0x00000000d3680000, 0x00000000d5580000)
  object space 1366528K, 99% used [0x0000000080000000,0x00000000d3658630,0x00000000d3680000)
 Metaspace       used 100858K, committed 102912K, reserved 1179648K
  class space    used 10991K, committed 11904K, reserved 1048576K
}
Event: 422.720 GC heap after
{Heap after GC invocations=1842 (full 5):
 PSYoungGen      total 5120K, used 384K [0x00000000d5580000, 0x00000000d5b80000, 0x0000000100000000)
  eden space 4096K, 0% used [0x00000000d5580000,0x00000000d5580000,0x00000000d5980000)
  from space 1024K, 37% used [0x00000000d5980000,0x00000000d59e0000,0x00000000d5a80000)
  to   space 512K, 0% used [0x00000000d5b00000,0x00000000d5b00000,0x00000000d5b80000)
 ParOldGen       total 1367040K, used 1366697K [0x0000000080000000, 0x00000000d3700000, 0x00000000d5580000)
  object space 1367040K, 99% used [0x0000000080000000,0x00000000d36aa650,0x00000000d3700000)
 Metaspace       used 100858K, committed 102912K, reserved 1179648K
  class space    used 10991K, committed 11904K, reserved 1048576K
}
Event: 422.734 GC heap before
{Heap before GC invocations=1843 (full 5):
 PSYoungGen      total 5120K, used 4480K [0x00000000d5580000, 0x00000000d5b80000, 0x0000000100000000)
  eden space 4096K, 100% used [0x00000000d5580000,0x00000000d5980000,0x00000000d5980000)
  from space 1024K, 37% used [0x00000000d5980000,0x00000000d59e0000,0x00000000d5a80000)
  to   space 512K, 0% used [0x00000000d5b00000,0x00000000d5b00000,0x00000000d5b80000)
 ParOldGen       total 1367040K, used 1366697K [0x0000000080000000, 0x00000000d3700000, 0x00000000d5580000)
  object space 1367040K, 99% used [0x0000000080000000,0x00000000d36aa650,0x00000000d3700000)
 Metaspace       used 100861K, committed 102912K, reserved 1179648K
  class space    used 10991K, committed 11904K, reserved 1048576K
}
Event: 422.740 GC heap after
{Heap after GC invocations=1843 (full 5):
 PSYoungGen      total 4608K, used 512K [0x00000000d5580000, 0x00000000d5d80000, 0x0000000100000000)
  eden space 4096K, 0% used [0x00000000d5580000,0x00000000d5580000,0x00000000d5980000)
  from space 512K, 100% used [0x00000000d5b00000,0x00000000d5b80000,0x00000000d5b80000)
  to   space 1536K, 0% used [0x00000000d5980000,0x00000000d5980000,0x00000000d5b00000)
 ParOldGen       total 1367552K, used 1367129K [0x0000000080000000, 0x00000000d3780000, 0x00000000d5580000)
  object space 1367552K, 99% used [0x0000000080000000,0x00000000d3716690,0x00000000d3780000)
 Metaspace       used 100861K, committed 102912K, reserved 1179648K
  class space    used 10991K, committed 11904K, reserved 1048576K
}
Event: 442.531 GC heap before
{Heap before GC invocations=1844 (full 5):
 PSYoungGen      total 4608K, used 4608K [0x00000000d5580000, 0x00000000d5d80000, 0x0000000100000000)
  eden space 4096K, 100% used [0x00000000d5580000,0x00000000d5980000,0x00000000d5980000)
  from space 512K, 100% used [0x00000000d5b00000,0x00000000d5b80000,0x00000000d5b80000)
  to   space 1536K, 0% used [0x00000000d5980000,0x00000000d5980000,0x00000000d5b00000)
 ParOldGen       total 1367552K, used 1367129K [0x0000000080000000, 0x00000000d3780000, 0x00000000d5580000)
  object space 1367552K, 99% used [0x0000000080000000,0x00000000d3716690,0x00000000d3780000)
 Metaspace       used 100862K, committed 102912K, reserved 1179648K
  class space    used 10991K, committed 11904K, reserved 1048576K
}
Event: 442.535 GC heap after
{Heap after GC invocations=1844 (full 5):
 PSYoungGen      total 5632K, used 96K [0x00000000d5580000, 0x00000000d5b80000, 0x0000000100000000)
  eden space 4096K, 0% used [0x00000000d5580000,0x00000000d5580000,0x00000000d5980000)
  from space 1536K, 6% used [0x00000000d5980000,0x00000000d5998000,0x00000000d5b00000)
  to   space 512K, 0% used [0x00000000d5b00000,0x00000000d5b00000,0x00000000d5b80000)
 ParOldGen       total 1368064K, used 1367661K [0x0000000080000000, 0x00000000d3800000, 0x00000000d5580000)
  object space 1368064K, 99% used [0x0000000080000000,0x00000000d379b6a0,0x00000000d3800000)
 Metaspace       used 100862K, committed 102912K, reserved 1179648K
  class space    used 10991K, committed 11904K, reserved 1048576K
}

