# JRE version: OpenJDK Runtime Environment Temurin-21.0.11+10 (21.0.11+10) (build 21.0.11+10-LTS)
# Java VM: OpenJDK 64-Bit Server VM Temurin-21.0.11+10 (21.0.11+10-LTS, mixed mode, sharing, tiered, compressed oops, compressed class ptrs, parallel gc, windows-amd64)
GC Precious Log:
 CardTable entry size: 512
 CPUs: 4 total, 4 available
 Memory: 7935M
 Large Page Support: Disabled
 NUMA Support: Disabled
 Compressed Oops: Enabled (32-bit)
 Alignments: Space 512K, Generation 512K, Heap 2M
 Heap Min Capacity: 100M
 Heap Initial Capacity: 100M
 Heap Max Capacity: 2G
 Pre-touch: Disabled
 Parallel Workers: 4
Heap:
 PSYoungGen      total 24064K, used 8041K [0x00000000d5580000, 0x00000000d7080000, 0x0000000100000000)
  eden space 22016K, 28% used [0x00000000d5580000,0x00000000d5b9df50,0x00000000d6b00000)
  from space 2048K, 86% used [0x00000000d6e80000,0x00000000d703c6b8,0x00000000d7080000)
  to   space 2560K, 0% used [0x00000000d6b80000,0x00000000d6b80000,0x00000000d6e00000)
 ParOldGen       total 68608K, used 43166K [0x0000000080000000, 0x0000000084300000, 0x00000000d5580000)
  object space 68608K, 62% used [0x0000000080000000,0x0000000082a278a8,0x0000000084300000)
 Metaspace       used 42847K, committed 43904K, reserved 1114112K
  class space    used 4298K, committed 4800K, reserved 1048576K
GC Heap History (20 events):
Event: 14.307 GC heap before
{Heap before GC invocations=17 (full 1):
 PSYoungGen      total 25088K, used 24484K [0x00000000d5580000, 0x00000000d7100000, 0x0000000100000000)
  eden space 22016K, 100% used [0x00000000d5580000,0x00000000d6b00000,0x00000000d6b00000)
  from space 3072K, 80% used [0x00000000d6b00000,0x00000000d6d69000,0x00000000d6e00000)
  to   space 3072K, 0% used [0x00000000d6e00000,0x00000000d6e00000,0x00000000d7100000)
 ParOldGen       total 68608K, used 29857K [0x0000000080000000, 0x0000000084300000, 0x00000000d5580000)
  object space 68608K, 43% used [0x0000000080000000,0x0000000081d28518,0x0000000084300000)
 Metaspace       used 34505K, committed 35456K, reserved 1114112K
  class space    used 3517K, committed 3968K, reserved 1048576K
}
Event: 14.314 GC heap after
{Heap after GC invocations=17 (full 1):
 PSYoungGen      total 25088K, used 2560K [0x00000000d5580000, 0x00000000d7100000, 0x0000000100000000)
  eden space 22016K, 0% used [0x00000000d5580000,0x00000000d5580000,0x00000000d6b00000)
  from space 3072K, 83% used [0x00000000d6e00000,0x00000000d7080010,0x00000000d7100000)
  to   space 3072K, 0% used [0x00000000d6b00000,0x00000000d6b00000,0x00000000d6e00000)
 ParOldGen       total 68608K, used 32217K [0x0000000080000000, 0x0000000084300000, 0x00000000d5580000)
  object space 68608K, 46% used [0x0000000080000000,0x0000000081f76618,0x0000000084300000)
 Metaspace       used 34505K, committed 35456K, reserved 1114112K
  class space    used 3517K, committed 3968K, reserved 1048576K
}
Event: 15.256 GC heap before
{Heap before GC invocations=18 (full 1):
 PSYoungGen      total 25088K, used 24576K [0x00000000d5580000, 0x00000000d7100000, 0x0000000100000000)
  eden space 22016K, 100% used [0x00000000d5580000,0x00000000d6b00000,0x00000000d6b00000)
  from space 3072K, 83% used [0x00000000d6e00000,0x00000000d7080010,0x00000000d7100000)
  to   space 3072K, 0% used [0x00000000d6b00000,0x00000000d6b00000,0x00000000d6e00000)
 ParOldGen       total 68608K, used 32217K [0x0000000080000000, 0x0000000084300000, 0x00000000d5580000)
  object space 68608K, 46% used [0x0000000080000000,0x0000000081f76618,0x0000000084300000)
 Metaspace       used 34785K, committed 35776K, reserved 1114112K
  class space    used 3534K, committed 3968K, reserved 1048576K
}
Event: 15.263 GC heap after
{Heap after GC invocations=18 (full 1):
 PSYoungGen      total 24576K, used 2152K [0x00000000d5580000, 0x00000000d7000000, 0x0000000100000000)
  eden space 22016K, 0% used [0x00000000d5580000,0x00000000d5580000,0x00000000d6b00000)
  from space 2560K, 84% used [0x00000000d6b00000,0x00000000d6d1a3c0,0x00000000d6d80000)
  to   space 2560K, 0% used [0x00000000d6d80000,0x00000000d6d80000,0x00000000d7000000)
 ParOldGen       total 68608K, used 34705K [0x0000000080000000, 0x0000000084300000, 0x00000000d5580000)
  object space 68608K, 50% used [0x0000000080000000,0x00000000821e4628,0x0000000084300000)
 Metaspace       used 34785K, committed 35776K, reserved 1114112K
  class space    used 3534K, committed 3968K, reserved 1048576K
}
Event: 15.289 GC heap before
{Heap before GC invocations=19 (full 1):
 PSYoungGen      total 24576K, used 2871K [0x00000000d5580000, 0x00000000d7000000, 0x0000000100000000)
  eden space 22016K, 3% used [0x00000000d5580000,0x00000000d5633a38,0x00000000d6b00000)
  from space 2560K, 84% used [0x00000000d6b00000,0x00000000d6d1a3c0,0x00000000d6d80000)
  to   space 2560K, 0% used [0x00000000d6d80000,0x00000000d6d80000,0x00000000d7000000)
 ParOldGen       total 68608K, used 34705K [0x0000000080000000, 0x0000000084300000, 0x00000000d5580000)
  object space 68608K, 50% used [0x0000000080000000,0x00000000821e4628,0x0000000084300000)
 Metaspace       used 34873K, committed 35840K, reserved 1114112K
  class space    used 3545K, committed 3968K, reserved 1048576K
}
Event: 15.291 GC heap after
{Heap after GC invocations=19 (full 1):
 PSYoungGen      total 22528K, used 192K [0x00000000d5580000, 0x00000000d6e00000, 0x0000000100000000)
  eden space 22016K, 0% used [0x00000000d5580000,0x00000000d5580000,0x00000000d6b00000)
  from space 512K, 37% used [0x00000000d6d80000,0x00000000d6db0000,0x00000000d6e00000)
  to   space 1024K, 0% used [0x00000000d6c00000,0x00000000d6c00000,0x00000000d6d00000)
 ParOldGen       total 68608K, used 36803K [0x0000000080000000, 0x0000000084300000, 0x00000000d5580000)
  object space 68608K, 53% used [0x0000000080000000,0x00000000823f0e38,0x0000000084300000)
 Metaspace       used 34873K, committed 35840K, reserved 1114112K
  class space    used 3545K, committed 3968K, reserved 1048576K
}
Event: 15.291 GC heap before
{Heap before GC invocations=20 (full 2):
 PSYoungGen      total 22528K, used 192K [0x00000000d5580000, 0x00000000d6e00000, 0x0000000100000000)
  eden space 22016K, 0% used [0x00000000d5580000,0x00000000d5580000,0x00000000d6b00000)
  from space 512K, 37% used [0x00000000d6d80000,0x00000000d6db0000,0x00000000d6e00000)
  to   space 1024K, 0% used [0x00000000d6c00000,0x00000000d6c00000,0x00000000d6d00000)
 ParOldGen       total 68608K, used 36803K [0x0000000080000000, 0x0000000084300000, 0x00000000d5580000)
  object space 68608K, 53% used [0x0000000080000000,0x00000000823f0e38,0x0000000084300000)
 Metaspace       used 34873K, committed 35840K, reserved 1114112K
  class space    used 3545K, committed 3968K, reserved 1048576K
}
Event: 15.385 GC heap after
{Heap after GC invocations=20 (full 2):
 PSYoungGen      total 22528K, used 0K [0x00000000d5580000, 0x00000000d6e00000, 0x0000000100000000)
  eden space 22016K, 0% used [0x00000000d5580000,0x00000000d5580000,0x00000000d6b00000)
  from space 512K, 0% used [0x00000000d6d80000,0x00000000d6d80000,0x00000000d6e00000)
  to   space 1024K, 0% used [0x00000000d6c00000,0x00000000d6c00000,0x00000000d6d00000)
 ParOldGen       total 68608K, used 35041K [0x0000000080000000, 0x0000000084300000, 0x00000000d5580000)
  object space 68608K, 51% used [0x0000000080000000,0x0000000082238798,0x0000000084300000)
 Metaspace       used 34818K, committed 35840K, reserved 1114112K
  class space    used 3529K, committed 3968K, reserved 1048576K
}
Event: 17.322 GC heap before
{Heap before GC invocations=21 (full 2):
 PSYoungGen      total 22528K, used 22001K [0x00000000d5580000, 0x00000000d6e00000, 0x0000000100000000)
  eden space 22016K, 99% used [0x00000000d5580000,0x00000000d6afc448,0x00000000d6b00000)
  from space 512K, 0% used [0x00000000d6d80000,0x00000000d6d80000,0x00000000d6e00000)
  to   space 1024K, 0% used [0x00000000d6c00000,0x00000000d6c00000,0x00000000d6d00000)
 ParOldGen       total 68608K, used 35041K [0x0000000080000000, 0x0000000084300000, 0x00000000d5580000)
  object space 68608K, 51% used [0x0000000080000000,0x0000000082238798,0x0000000084300000)
 Metaspace       used 36838K, committed 37824K, reserved 1114112K
  class space    used 3731K, committed 4160K, reserved 1048576K
}
Event: 17.324 GC heap after
{Heap after GC invocations=21 (full 2):
 PSYoungGen      total 23040K, used 528K [0x00000000d5580000, 0x00000000d6e00000, 0x0000000100000000)
  eden space 22016K, 0% used [0x00000000d5580000,0x00000000d5580000,0x00000000d6b00000)
  from space 1024K, 51% used [0x00000000d6c00000,0x00000000d6c84010,0x00000000d6d00000)
  to   space 1024K, 0% used [0x00000000d6d00000,0x00000000d6d00000,0x00000000d6e00000)
 ParOldGen       total 68608K, used 35049K [0x0000000080000000, 0x0000000084300000, 0x00000000d5580000)
  object space 68608K, 51% used [0x0000000080000000,0x000000008223a798,0x0000000084300000)
 Metaspace       used 36838K, committed 37824K, reserved 1114112K
  class space    used 3731K, committed 4160K, reserved 1048576K
}
Event: 19.292 GC heap before
{Heap before GC invocations=22 (full 2):
 PSYoungGen      total 23040K, used 22544K [0x00000000d5580000, 0x00000000d6e00000, 0x0000000100000000)
  eden space 22016K, 100% used [0x00000000d5580000,0x00000000d6b00000,0x00000000d6b00000)
  from space 1024K, 51% used [0x00000000d6c00000,0x00000000d6c84010,0x00000000d6d00000)
  to   space 1024K, 0% used [0x00000000d6d00000,0x00000000d6d00000,0x00000000d6e00000)
 ParOldGen       total 68608K, used 35049K [0x0000000080000000, 0x0000000084300000, 0x00000000d5580000)
  object space 68608K, 51% used [0x0000000080000000,0x000000008223a798,0x0000000084300000)
 Metaspace       used 38726K, committed 39680K, reserved 1114112K
  class space    used 3943K, committed 4352K, reserved 1048576K
}
Event: 19.295 GC heap after
{Heap after GC invocations=22 (full 2):
 PSYoungGen      total 23040K, used 842K [0x00000000d5580000, 0x00000000d6e00000, 0x0000000100000000)
  eden space 22016K, 0% used [0x00000000d5580000,0x00000000d5580000,0x00000000d6b00000)
  from space 1024K, 82% used [0x00000000d6d00000,0x00000000d6dd2af8,0x00000000d6e00000)
  to   space 1024K, 0% used [0x00000000d6c00000,0x00000000d6c00000,0x00000000d6d00000)
 ParOldGen       total 68608K, used 35521K [0x0000000080000000, 0x0000000084300000, 0x00000000d5580000)
  object space 68608K, 51% used [0x0000000080000000,0x00000000822b07a8,0x0000000084300000)
 Metaspace       used 38726K, committed 39680K, reserved 1114112K
  class space    used 3943K, committed 4352K, reserved 1048576K
}
Event: 21.888 GC heap before
{Heap before GC invocations=23 (full 2):
 PSYoungGen      total 23040K, used 22858K [0x00000000d5580000, 0x00000000d6e00000, 0x0000000100000000)
  eden space 22016K, 100% used [0x00000000d5580000,0x00000000d6b00000,0x00000000d6b00000)
  from space 1024K, 82% used [0x00000000d6d00000,0x00000000d6dd2af8,0x00000000d6e00000)
  to   space 1024K, 0% used [0x00000000d6c00000,0x00000000d6c00000,0x00000000d6d00000)
 ParOldGen       total 68608K, used 35521K [0x0000000080000000, 0x0000000084300000, 0x00000000d5580000)
  object space 68608K, 51% used [0x0000000080000000,0x00000000822b07a8,0x0000000084300000)
 Metaspace       used 40588K, committed 41600K, reserved 1114112K
  class space    used 4146K, committed 4608K, reserved 1048576K
}
Event: 21.893 GC heap after
{Heap after GC invocations=23 (full 2):
 PSYoungGen      total 23040K, used 1014K [0x00000000d5580000, 0x00000000d7300000, 0x0000000100000000)
  eden space 22016K, 0% used [0x00000000d5580000,0x00000000d5580000,0x00000000d6b00000)
  from space 1024K, 99% used [0x00000000d6c00000,0x00000000d6cfda60,0x00000000d6d00000)
  to   space 4096K, 0% used [0x00000000d6f00000,0x00000000d6f00000,0x00000000d7300000)
 ParOldGen       total 68608K, used 37771K [0x0000000080000000, 0x0000000084300000, 0x00000000d5580000)
  object space 68608K, 55% used [0x0000000080000000,0x00000000824e2cd0,0x0000000084300000)
 Metaspace       used 40588K, committed 41600K, reserved 1114112K
  class space    used 4146K, committed 4608K, reserved 1048576K
}
Event: 24.638 GC heap before
{Heap before GC invocations=24 (full 2):
 PSYoungGen      total 23040K, used 23030K [0x00000000d5580000, 0x00000000d7300000, 0x0000000100000000)
  eden space 22016K, 100% used [0x00000000d5580000,0x00000000d6b00000,0x00000000d6b00000)
  from space 1024K, 99% used [0x00000000d6c00000,0x00000000d6cfda60,0x00000000d6d00000)
  to   space 4096K, 0% used [0x00000000d6f00000,0x00000000d6f00000,0x00000000d7300000)
 ParOldGen       total 68608K, used 37771K [0x0000000080000000, 0x0000000084300000, 0x00000000d5580000)
  object space 68608K, 55% used [0x0000000080000000,0x00000000824e2cd0,0x0000000084300000)
 Metaspace       used 42252K, committed 43328K, reserved 1114112K
  class space    used 4269K, committed 4736K, reserved 1048576K
}
Event: 24.646 GC heap after
{Heap after GC invocations=24 (full 2):
 PSYoungGen      total 24576K, used 2272K [0x00000000d5580000, 0x00000000d7180000, 0x0000000100000000)
  eden space 22016K, 0% used [0x00000000d5580000,0x00000000d5580000,0x00000000d6b00000)
  from space 2560K, 88% used [0x00000000d6f00000,0x00000000d7138020,0x00000000d7180000)
  to   space 3072K, 0% used [0x00000000d6b80000,0x00000000d6b80000,0x00000000d6e80000)
 ParOldGen       total 68608K, used 38798K [0x0000000080000000, 0x0000000084300000, 0x00000000d5580000)
  object space 68608K, 56% used [0x0000000080000000,0x00000000825e3860,0x0000000084300000)
 Metaspace       used 42252K, committed 43328K, reserved 1114112K
  class space    used 4269K, committed 4736K, reserved 1048576K
}
Event: 28.304 GC heap before
{Heap before GC invocations=25 (full 2):
 PSYoungGen      total 24576K, used 24288K [0x00000000d5580000, 0x00000000d7180000, 0x0000000100000000)
  eden space 22016K, 100% used [0x00000000d5580000,0x00000000d6b00000,0x00000000d6b00000)
  from space 2560K, 88% used [0x00000000d6f00000,0x00000000d7138020,0x00000000d7180000)
  to   space 3072K, 0% used [0x00000000d6b80000,0x00000000d6b80000,0x00000000d6e80000)
 ParOldGen       total 68608K, used 38798K [0x0000000080000000, 0x0000000084300000, 0x00000000d5580000)
  object space 68608K, 56% used [0x0000000080000000,0x00000000825e3860,0x0000000084300000)
 Metaspace       used 42780K, committed 43904K, reserved 1114112K
  class space    used 4297K, committed 4800K, reserved 1048576K
}
Event: 28.310 GC heap after
{Heap after GC invocations=25 (full 2):
 PSYoungGen      total 25088K, used 2852K [0x00000000d5580000, 0x00000000d7100000, 0x0000000100000000)
  eden space 22016K, 0% used [0x00000000d5580000,0x00000000d5580000,0x00000000d6b00000)
  from space 3072K, 92% used [0x00000000d6b80000,0x00000000d6e493d0,0x00000000d6e80000)
  to   space 2560K, 0% used [0x00000000d6e80000,0x00000000d6e80000,0x00000000d7100000)
 ParOldGen       total 68608K, used 40732K [0x0000000080000000, 0x0000000084300000, 0x00000000d5580000)
  object space 68608K, 59% used [0x0000000080000000,0x00000000827c73e8,0x0000000084300000)
 Metaspace       used 42780K, committed 43904K, reserved 1114112K
  class space    used 4297K, committed 4800K, reserved 1048576K
}
Event: 28.868 GC heap before
{Heap before GC invocations=26 (full 2):
 PSYoungGen      total 25088K, used 24868K [0x00000000d5580000, 0x00000000d7100000, 0x0000000100000000)
  eden space 22016K, 100% used [0x00000000d5580000,0x00000000d6b00000,0x00000000d6b00000)
  from space 3072K, 92% used [0x00000000d6b80000,0x00000000d6e493d0,0x00000000d6e80000)
  to   space 2560K, 0% used [0x00000000d6e80000,0x00000000d6e80000,0x00000000d7100000)
 ParOldGen       total 68608K, used 40732K [0x0000000080000000, 0x0000000084300000, 0x00000000d5580000)
  object space 68608K, 59% used [0x0000000080000000,0x00000000827c73e8,0x0000000084300000)
 Metaspace       used 42834K, committed 43904K, reserved 1114112K
  class space    used 4297K, committed 4800K, reserved 1048576K
}
Event: 28.878 GC heap after
{Heap after GC invocations=26 (full 2):
 PSYoungGen      total 24064K, used 1777K [0x00000000d5580000, 0x00000000d7080000, 0x0000000100000000)
  eden space 22016K, 0% used [0x00000000d5580000,0x00000000d5580000,0x00000000d6b00000)
  from space 2048K, 86% used [0x00000000d6e80000,0x00000000d703c6b8,0x00000000d7080000)
  to   space 2560K, 0% used [0x00000000d6b80000,0x00000000d6b80000,0x00000000d6e00000)
 ParOldGen       total 68608K, used 43166K [0x0000000080000000, 0x0000000084300000, 0x00000000d5580000)
  object space 68608K, 62% used [0x0000000080000000,0x0000000082a278a8,0x0000000084300000)
 Metaspace       used 42834K, committed 43904K, reserved 1114112K
  class space    used 4297K, committed 4800K, reserved 1048576K
}

